\BOOKMARK [1][-]{section.1}{\376\377\000G\000i\036\333\000i\000\040\000t\000h\000i\036\307\000u\000\040\000c\000h\000u\000n\000g}{}% 1
\BOOKMARK [2][-]{subsection.1.1}{\376\377\001\020\036\267\000t\000\040\000v\036\245\000n\000\040\001\021\036\301}{section.1}% 2
\BOOKMARK [2][-]{subsection.1.2}{\376\377\000\335\000\040\000t\001\260\036\337\000n\000g\000\040\000c\000h\000\355\000n\000h}{section.1}% 3
\BOOKMARK [2][-]{subsection.1.3}{\376\377\000P\000h\000\342\000n\000\040\000l\000o\036\241\000i\000\040\000c\000\341\000c\000\040\000p\000h\001\260\001\241\000n\000g\000\040\000p\000h\000\341\000p\000\040\000t\036\321\000i\000\040\001\260\000u\000\040\000c\000h\000u\000y\000\352\000n\000\040\000b\000i\036\307\000t}{section.1}% 4
\BOOKMARK [2][-]{subsection.1.4}{\376\377\000P\000h\036\241\000m\000\040\000v\000i\000\040\000v\000\340\000\040\000m\036\345\000c\000\040\000t\000i\000\352\000u\000\040\000c\036\347\000a\000\040\000b\000\341\000o\000\040\000c\000\341\000o}{section.1}% 5
\BOOKMARK [1][-]{section.2}{\376\377\000B\000\354\000n\000h\000\040\000p\000h\001\260\001\241\000n\000g\000\040\000t\036\321\000i\000\040\000t\000h\000i\036\303\000u\000\040\000p\000h\000i\000\040\000t\000u\000y\036\277\000n}{}% 6
\BOOKMARK [2][-]{subsection.2.1}{\376\377\000B\000\340\000i\000\040\000t\000o\000\341\000n\000\040\000h\036\323\000i\000\040\000q\000u\000y\000\040\000p\000h\000i\000\040\000t\000u\000y\036\277\000n}{section.2}% 7
\BOOKMARK [2][-]{subsection.2.2}{\376\377\000C\000\364\000n\000g\000\040\000t\000h\036\351\000c\000\040\000t\036\325\000n\000g\000\040\000q\000u\000\341\000t}{section.2}% 8
\BOOKMARK [2][-]{subsection.2.3}{\376\377\000T\000h\000u\036\255\000t\000\040\000t\000o\000\341\000n\000\040\000G\000a\000u\000s\000s\000-\000N\000e\000w\000t\000o\000n}{section.2}% 9
\BOOKMARK [2][-]{subsection.2.4}{\376\377\000T\000h\000u\036\255\000t\000\040\000t\000o\000\341\000n\000\040\000L\000e\000v\000e\000n\000b\000e\000r\000g\000-\000M\000a\000r\000q\000u\000a\000r\000d\000t}{section.2}% 10
\BOOKMARK [1][-]{section.3}{\376\377\000B\000\354\000n\000h\000\040\000p\000h\001\260\001\241\000n\000g\000\040\000t\036\321\000i\000\040\000t\000h\000i\036\303\000u\000\040\000c\000\363\000\040\000t\000r\036\315\000n\000g\000\040\000s\036\321\000\040\000l\036\267\000p}{}% 11
\BOOKMARK [2][-]{subsection.3.1}{\376\377\000C\000\364\000n\000g\000\040\000t\000h\036\351\000c\000\040\000t\036\325\000n\000g\000\040\000q\000u\000\341\000t\000\040\000v\000\340\000\040\000\375\000\040\000t\001\260\036\337\000n\000g\000\040\000t\000r\036\315\000n\000g\000\040\000s\036\321\000\040\000h\000\363\000a}{section.3}% 12
\BOOKMARK [2][-]{subsection.3.2}{\376\377\000V\000\355\000\040\000d\036\345\000\040\000t\036\321\000i\000\040\001\260\000u\000\040\000c\000h\000u\036\251\000n\000\040\000L\000p}{section.3}% 13
\BOOKMARK [2][-]{subsection.3.3}{\376\377\000V\000\355\000\040\000d\036\345\000\040\000t\036\321\000i\000\040\001\260\000u\000\040\000L\0001\000\040\000v\000\340\000\040\000t\000\355\000n\000h\000\040\000t\000h\001\260\000a}{section.3}% 14
\BOOKMARK [2][-]{subsection.3.4}{\376\377\000T\000h\000u\036\255\000t\000\040\000t\000o\000\341\000n\000\040\000W\000e\000i\000s\000z\000f\000e\000l\000d\000\040\000c\000h\000o\000\040\000t\000r\000u\000n\000g\000\040\000v\036\313\000\040\000h\000\354\000n\000h\000\040\000h\036\315\000c}{section.3}% 15
\BOOKMARK [2][-]{subsection.3.5}{\376\377\000N\000h\036\255\000n\000\040\000x\000\351\000t\000\040\000v\036\301\000\040\000h\036\331\000i\000\040\000t\036\345\000\040\000v\000\340\000\040\000g\000i\036\333\000i\000\040\000h\036\241\000n\000\040\000c\036\347\000a\000\040\000I\000R\000L\000S}{section.3}% 16
\BOOKMARK [1][-]{section.4}{\376\377\000C\000o\000o\000r\000d\000i\000n\000a\000t\000e\000\040\000D\000e\000s\000c\000e\000n\000t\000\040\000v\000\340\000\040\000A\000l\000t\000e\000r\000n\000a\000t\000i\000o\000n}{}% 17
\BOOKMARK [2][-]{subsection.4.1}{\376\377\000\335\000\040\000t\001\260\036\337\000n\000g\000\040\000l\000u\000\342\000n\000\040\000p\000h\000i\000\352\000n\000\040\000t\036\321\000i\000\040\001\260\000u}{section.4}% 18
\BOOKMARK [2][-]{subsection.4.2}{\376\377\000K\000h\000i\000\040\000n\000\340\000o\000\040\000n\000\352\000n\000\040\000d\000\371\000n\000g\000\040\000a\000l\000t\000e\000r\000n\000a\000t\000i\000o\000n}{section.4}% 19
\BOOKMARK [2][-]{subsection.4.3}{\376\377\000M\036\331\000t\000\040\000s\036\321\000\040\000v\000\355\000\040\000d\036\345\000\040\000t\000i\000\352\000u\000\040\000b\000i\036\303\000u}{section.4}% 20
\BOOKMARK [2][-]{subsection.4.4}{\376\377\000A\000u\000g\000m\000e\000n\000t\000e\000d\000\040\000L\000a\000g\000r\000a\000n\000g\000i\000a\000n\000\040\000v\000\340\000\040\000A\000D\000M\000M}{section.4}% 21
\BOOKMARK [1][-]{section.5}{\376\377\000L\000i\000\352\000n\000\040\000h\036\307\000\040\000v\036\333\000i\000\040\000h\036\315\000c\000\040\000m\000\341\000y}{}% 22
\BOOKMARK [2][-]{subsection.5.1}{\376\377\000G\000a\000u\000s\000s\000-\000N\000e\000w\000t\000o\000n\000\040\000v\000\340\000\040\000L\000e\000v\000e\000n\000b\000e\000r\000g\000-\000M\000a\000r\000q\000u\000a\000r\000d\000t\000\040\000t\000r\000o\000n\000g\000\040\000h\036\323\000i\000\040\000q\000u\000y\000\040\000p\000h\000i\000\040\000t\000u\000y\036\277\000n}{section.5}% 23
\BOOKMARK [2][-]{subsection.5.2}{\376\377\000I\000R\000L\000S\000\040\000t\000r\000o\000n\000g\000\040\000r\000o\000b\000u\000s\000t\000\040\000r\000e\000g\000r\000e\000s\000s\000i\000o\000n\000,\000\040\000L\000a\000s\000s\000o\000\040\000v\000\340\000\040\000l\000o\000g\000i\000s\000t\000i\000c\000\040\000r\000e\000g\000r\000e\000s\000s\000i\000o\000n}{section.5}% 24
\BOOKMARK [2][-]{subsection.5.3}{\376\377\000P\000C\000A\000\040\000v\000\340\000\040\000k\000-\000m\000e\000a\000n\000s\000\040\000n\000h\001\260\000\040\000c\000\341\000c\000\040\000b\000\340\000i\000\040\000t\000o\000\341\000n\000\040\000a\000l\000t\000e\000r\000n\000a\000t\000i\000o\000n}{section.5}% 25
\BOOKMARK [2][-]{subsection.5.4}{\376\377\000A\000D\000M\000M\000\040\000t\000r\000o\000n\000g\000\040\000t\036\321\000i\000\040\001\260\000u\000\040\000q\000u\000y\000\040\000m\000\364\000\040\000l\036\333\000n\000\040\000v\000\340\000\040\000p\000h\000\342\000n\000\040\000t\000\341\000n}{section.5}% 26
\BOOKMARK [2][-]{subsection.5.5}{\376\377\000N\000h\036\255\000n\000\040\000x\000\351\000t\000\040\000c\000h\000u\000n\000g}{section.5}% 27
\BOOKMARK [1][-]{section.6}{\376\377\000T\000h\036\361\000c\000\040\000n\000g\000h\000i\036\307\000m\000\040\000m\000i\000n\000h\000\040\000h\036\315\000a}{}% 28
\BOOKMARK [2][-]{subsection.6.1}{\376\377\000M\036\345\000c\000\040\001\021\000\355\000c\000h\000\040\000c\036\347\000a\000\040\000p\000h\036\247\000n\000\040\000t\000h\036\361\000c\000\040\000n\000g\000h\000i\036\307\000m}{section.6}% 29
\BOOKMARK [2][-]{subsection.6.2}{\376\377\000F\000i\000t\000\040\001\021\001\260\036\335\000n\000g\000\040\000c\000o\000n\000g\000\040\000b\036\261\000n\000g\000\040\000G\000a\000u\000s\000s\000-\000N\000e\000w\000t\000o\000n\000/\000L\000M}{section.6}% 30
\BOOKMARK [2][-]{subsection.6.3}{\376\377\000I\000R\000L\000S\000\040\000c\000h\000o\000\040\000h\036\323\000i\000\040\000q\000u\000y\000\040\000L\0001}{section.6}% 31
\BOOKMARK [2][-]{subsection.6.4}{\376\377\000K\000-\000m\000e\000a\000n\000s\000\040\000h\000o\036\267\000c\000\040\000A\000D\000M\000M\000\040\000c\000h\000o\000\040\000n\000o\000n\000n\000e\000g\000a\000t\000i\000v\000e\000\040\000l\000e\000a\000s\000t\000-\000s\000q\000u\000a\000r\000e\000s}{section.6}% 32
\BOOKMARK [2][-]{subsection.6.5}{\376\377\000S\000o\000\040\000s\000\341\000n\000h\000\040\000t\036\321\000c\000\040\001\021\036\331\000\040\000h\036\331\000i\000\040\000t\036\345}{section.6}% 33
\BOOKMARK [1][-]{section.7}{\376\377\000K\036\277\000t\000\040\000l\000u\036\255\000n}{}% 34
\BOOKMARK [2][-]{subsection.7.1}{\376\377\000T\036\325\000n\000g\000\040\000k\036\277\000t\000\040\000c\000\341\000c\000\040\000p\000h\001\260\001\241\000n\000g\000\040\000p\000h\000\341\000p}{section.7}% 35
\BOOKMARK [2][-]{subsection.7.2}{\376\377\000K\000h\000i\000\040\000n\000\340\000o\000\040\000n\000\352\000n\000\040\000c\000h\036\315\000n\000\040\000p\000h\001\260\001\241\000n\000g\000\040\000p\000h\000\341\000p\000\040\000n\000\340\000o}{section.7}% 36
\BOOKMARK [2][-]{subsection.7.3}{\376\377\000N\000h\036\255\000n\000\040\000x\000\351\000t\000\040\000c\000u\036\321\000i\000\040\000c\000\371\000n\000g}{section.7}% 37
\BOOKMARK [1][-]{subsection.7.3}{\376\377\000T\000\340\000i\000\040\000l\000i\036\307\000u\000\040\000t\000h\000a\000m\000\040\000k\000h\036\243\000o}{}% 38
